<?xml version="1.0" encoding="UTF-8"?>
<testsuite xmlns:xsi="http://www.w3.org/2001/XMLSchema-instance" xsi:noNamespaceSchemaLocation="https://maven.apache.org/surefire/maven-surefire-plugin/xsd/surefire-test-report.xsd" name="pl.devfoundry.testing.OrderStatusTest" time="0" tests="3" errors="0" skipped="0" failures="0">
  <properties>
[...]
</properties>
  <testcase name="test_allOrderStatusShouldBeShorterThan15Chars{OrderStatus}[1]" classname="pl.devfoundry.testing.OrderStatusTest" time="0"/>
  <testcase name="test_allOrderStatusShouldBeShorterThan15Chars{OrderStatus}[2]" classname="pl.devfoundry.testing.OrderStatusTest" time="0"/>
  <testcase name="test_allOrderStatusShouldBeShorterThan15Chars{OrderStatus}[3]" classname="pl.devfoundry.testing.OrderStatusTest" time="0"/>
</testsuite>